<?xml version="1.0" encoding="UTF-8"?>
<testng-results skipped="1" failed="1" total="15" passed="13">
  <reporter-output>
  </reporter-output>
  <suite name="Default suite" duration-ms="834991" started-at="2017-11-09T13:00:28Z" finished-at="2017-11-09T13:14:23Z">
    <groups>
      <group name="smoke">
        <method signature="BoomiTest.CreateEMP()[pri:0, instance:com.intuit.ebs.wft.WorkforceHRApps.tests.service.BoomiTest@1c7696c6]" name="CreateEMP" class="com.intuit.ebs.wft.WorkforceHRApps.tests.service.BoomiTest"/>
        <method signature="BoomiTest.HireCreateEmpVerification()[pri:0, instance:com.intuit.ebs.wft.WorkforceHRApps.tests.service.BoomiTest@1c7696c6]" name="HireCreateEmpVerification" class="com.intuit.ebs.wft.WorkforceHRApps.tests.service.BoomiTest"/>
        <method signature="BoomiTest.OboardingTest()[pri:0, instance:com.intuit.ebs.wft.WorkforceHRApps.tests.service.BoomiTest@1c7696c6]" name="OboardingTest" class="com.intuit.ebs.wft.WorkforceHRApps.tests.service.BoomiTest"/>
        <method signature="BoomiTest.SFWFChangeWorker()[pri:0, instance:com.intuit.ebs.wft.WorkforceHRApps.tests.service.BoomiTest@1c7696c6]" name="SFWFChangeWorker" class="com.intuit.ebs.wft.WorkforceHRApps.tests.service.BoomiTest"/>
        <method signature="BoomiTest.SFWFupdate()[pri:0, instance:com.intuit.ebs.wft.WorkforceHRApps.tests.service.BoomiTest@1c7696c6]" name="SFWFupdate" class="com.intuit.ebs.wft.WorkforceHRApps.tests.service.BoomiTest"/>
        <method signature="BoomiTest.WDPBaseWorker()[pri:0, instance:com.intuit.ebs.wft.WorkforceHRApps.tests.service.BoomiTest@1c7696c6]" name="WDPBaseWorker" class="com.intuit.ebs.wft.WorkforceHRApps.tests.service.BoomiTest"/>
        <method signature="BoomiTest.deleteCWFs()[pri:0, instance:com.intuit.ebs.wft.WorkforceHRApps.tests.service.BoomiTest@1c7696c6]" name="deleteCWFs" class="com.intuit.ebs.wft.WorkforceHRApps.tests.service.BoomiTest"/>
        <method signature="BoomiTest.updateCWFs()[pri:0, instance:com.intuit.ebs.wft.WorkforceHRApps.tests.service.BoomiTest@1c7696c6]" name="updateCWFs" class="com.intuit.ebs.wft.WorkforceHRApps.tests.service.BoomiTest"/>
        <method signature="BoomiTest.upsertCWFs()[pri:0, instance:com.intuit.ebs.wft.WorkforceHRApps.tests.service.BoomiTest@1c7696c6]" name="upsertCWFs" class="com.intuit.ebs.wft.WorkforceHRApps.tests.service.BoomiTest"/>
        <method signature="BoomiTest.upsertOIMTest()[pri:0, instance:com.intuit.ebs.wft.WorkforceHRApps.tests.service.BoomiTest@1c7696c6]" name="upsertOIMTest" class="com.intuit.ebs.wft.WorkforceHRApps.tests.service.BoomiTest"/>
        <method signature="BoomiTest.upsertTaleo()[pri:0, instance:com.intuit.ebs.wft.WorkforceHRApps.tests.service.BoomiTest@1c7696c6]" name="upsertTaleo" class="com.intuit.ebs.wft.WorkforceHRApps.tests.service.BoomiTest"/>
      </group> <!-- smoke -->
      <group name="Smoke">
        <method signature="BoomiTest.OIMAdhocUpdate()[pri:0, instance:com.intuit.ebs.wft.WorkforceHRApps.tests.service.BoomiTest@1c7696c6]" name="OIMAdhocUpdate" class="com.intuit.ebs.wft.WorkforceHRApps.tests.service.BoomiTest"/>
        <method signature="BoomiTest.UpdateContactinfo()[pri:0, instance:com.intuit.ebs.wft.WorkforceHRApps.tests.service.BoomiTest@1c7696c6]" name="UpdateContactinfo" class="com.intuit.ebs.wft.WorkforceHRApps.tests.service.BoomiTest"/>
        <method signature="BoomiTest.UpdateCorpInfoE2E()[pri:0, instance:com.intuit.ebs.wft.WorkforceHRApps.tests.service.BoomiTest@1c7696c6]" name="UpdateCorpInfoE2E" class="com.intuit.ebs.wft.WorkforceHRApps.tests.service.BoomiTest"/>
        <method signature="BoomiTest.updateApplicant()[pri:0, instance:com.intuit.ebs.wft.WorkforceHRApps.tests.service.BoomiTest@1c7696c6]" name="updateApplicant" class="com.intuit.ebs.wft.WorkforceHRApps.tests.service.BoomiTest"/>
      </group> <!-- Smoke -->
    </groups>
    <test name="Default test" duration-ms="834991" started-at="2017-11-09T13:00:28Z" finished-at="2017-11-09T13:14:23Z">
      <class name="com.intuit.ebs.wft.WorkforceHRApps.tests.service.BoomiTest">
        <test-method status="PASS" signature="setupTestData()[pri:0, instance:com.intuit.ebs.wft.WorkforceHRApps.tests.service.BoomiTest@1c7696c6]" name="setupTestData" is-config="true" duration-ms="17" started-at="2017-11-09T18:30:28Z" finished-at="2017-11-09T18:30:28Z">
          <reporter-output>
          </reporter-output>
        </test-method> <!-- setupTestData -->
        <test-method status="PASS" signature="setUpTestConfig()[pri:0, instance:com.intuit.ebs.wft.WorkforceHRApps.tests.service.BoomiTest@1c7696c6]" name="setUpTestConfig" is-config="true" duration-ms="2" started-at="2017-11-09T18:30:28Z" finished-at="2017-11-09T18:30:28Z">
          <reporter-output>
          </reporter-output>
        </test-method> <!-- setUpTestConfig -->
        <test-method status="SKIP" signature="CreateEMP()[pri:0, instance:com.intuit.ebs.wft.WorkforceHRApps.tests.service.BoomiTest@1c7696c6]" name="CreateEMP" duration-ms="8" started-at="2017-11-09T18:30:28Z" finished-at="2017-11-09T18:30:28Z">
          <exception class="com.intuit.tools.common.teststatus.DisabledTestHook$DisabledTestException">
            <message>
              <![CDATA[MISSING: Disabled Without Description]]>
            </message>
            <full-stacktrace>
              <![CDATA[com.intuit.tools.common.teststatus.DisabledTestHook$DisabledTestException: MISSING: Disabled Without Description
	at com.intuit.tools.common.teststatus.DisabledTestHook.run(DisabledTestHook.java:97)
	at sun.reflect.NativeMethodAccessorImpl.invoke0(Native Method)
	at sun.reflect.NativeMethodAccessorImpl.invoke(NativeMethodAccessorImpl.java:62)
	at sun.reflect.DelegatingMethodAccessorImpl.invoke(DelegatingMethodAccessorImpl.java:43)
	at java.lang.reflect.Method.invoke(Method.java:498)
	at org.testng.internal.MethodInvocationHelper.invokeHookable(MethodInvocationHelper.java:212)
	at org.testng.internal.Invoker.invokeMethod(Invoker.java:707)
	at org.testng.internal.Invoker.invokeTestMethod(Invoker.java:901)
	at org.testng.internal.Invoker.invokeTestMethods(Invoker.java:1231)
	at org.testng.internal.TestMethodWorker.invokeTestMethods(TestMethodWorker.java:127)
	at org.testng.internal.TestMethodWorker.run(TestMethodWorker.java:111)
	at org.testng.TestRunner.privateRun(TestRunner.java:767)
	at org.testng.TestRunner.run(TestRunner.java:617)
	at org.testng.SuiteRunner.runTest(SuiteRunner.java:348)
	at org.testng.SuiteRunner.runSequentially(SuiteRunner.java:343)
	at org.testng.SuiteRunner.privateRun(SuiteRunner.java:305)
	at org.testng.SuiteRunner.run(SuiteRunner.java:254)
	at org.testng.SuiteRunnerWorker.runSuite(SuiteRunnerWorker.java:52)
	at org.testng.SuiteRunnerWorker.run(SuiteRunnerWorker.java:86)
	at org.testng.TestNG.runSuitesSequentially(TestNG.java:1224)
	at org.testng.TestNG.runSuitesLocally(TestNG.java:1149)
	at org.testng.TestNG.run(TestNG.java:1057)
	at org.testng.remote.AbstractRemoteTestNG.run(AbstractRemoteTestNG.java:114)
	at org.testng.remote.RemoteTestNG.initAndRun(RemoteTestNG.java:251)
	at org.testng.remote.RemoteTestNG.main(RemoteTestNG.java:77)
]]>
            </full-stacktrace>
          </exception> <!-- com.intuit.tools.common.teststatus.DisabledTestHook$DisabledTestException -->
          <reporter-output>
          </reporter-output>
        </test-method> <!-- CreateEMP -->
        <test-method status="PASS" signature="upsertOIMTest()[pri:0, instance:com.intuit.ebs.wft.WorkforceHRApps.tests.service.BoomiTest@1c7696c6]" name="upsertOIMTest" duration-ms="76556" started-at="2017-11-09T18:30:28Z" finished-at="2017-11-09T18:31:44Z">
          <reporter-output>
          </reporter-output>
        </test-method> <!-- upsertOIMTest -->
        <test-method status="PASS" signature="OboardingTest()[pri:0, instance:com.intuit.ebs.wft.WorkforceHRApps.tests.service.BoomiTest@1c7696c6]" name="OboardingTest" duration-ms="4294" started-at="2017-11-09T18:31:44Z" finished-at="2017-11-09T18:31:49Z">
          <reporter-output>
          </reporter-output>
        </test-method> <!-- OboardingTest -->
        <test-method status="PASS" signature="UpdateCorpInfoE2E()[pri:0, instance:com.intuit.ebs.wft.WorkforceHRApps.tests.service.BoomiTest@1c7696c6]" name="UpdateCorpInfoE2E" duration-ms="103917" started-at="2017-11-09T18:31:49Z" finished-at="2017-11-09T18:33:32Z">
          <reporter-output>
          </reporter-output>
        </test-method> <!-- UpdateCorpInfoE2E -->
        <test-method status="PASS" signature="UpdateContactinfo()[pri:0, instance:com.intuit.ebs.wft.WorkforceHRApps.tests.service.BoomiTest@1c7696c6]" name="UpdateContactinfo" duration-ms="71732" started-at="2017-11-09T18:33:32Z" finished-at="2017-11-09T18:34:44Z">
          <reporter-output>
          </reporter-output>
        </test-method> <!-- UpdateContactinfo -->
        <test-method status="PASS" signature="updateApplicant()[pri:0, instance:com.intuit.ebs.wft.WorkforceHRApps.tests.service.BoomiTest@1c7696c6]" name="updateApplicant" duration-ms="160016" started-at="2017-11-09T18:34:44Z" finished-at="2017-11-09T18:37:24Z">
          <reporter-output>
          </reporter-output>
        </test-method> <!-- updateApplicant -->
        <test-method status="PASS" signature="upsertTaleo()[pri:0, instance:com.intuit.ebs.wft.WorkforceHRApps.tests.service.BoomiTest@1c7696c6]" name="upsertTaleo" duration-ms="8948" started-at="2017-11-09T18:37:24Z" finished-at="2017-11-09T18:37:33Z">
          <reporter-output>
          </reporter-output>
        </test-method> <!-- upsertTaleo -->
        <test-method status="PASS" signature="OIMAdhocUpdate()[pri:0, instance:com.intuit.ebs.wft.WorkforceHRApps.tests.service.BoomiTest@1c7696c6]" name="OIMAdhocUpdate" duration-ms="115739" started-at="2017-11-09T18:37:33Z" finished-at="2017-11-09T18:39:29Z">
          <reporter-output>
          </reporter-output>
        </test-method> <!-- OIMAdhocUpdate -->
        <test-method status="PASS" signature="upsertCWFs()[pri:0, instance:com.intuit.ebs.wft.WorkforceHRApps.tests.service.BoomiTest@1c7696c6]" name="upsertCWFs" duration-ms="212235" started-at="2017-11-09T18:39:29Z" finished-at="2017-11-09T18:43:01Z">
          <reporter-output>
          </reporter-output>
        </test-method> <!-- upsertCWFs -->
        <test-method status="PASS" signature="updateCWFs()[pri:0, instance:com.intuit.ebs.wft.WorkforceHRApps.tests.service.BoomiTest@1c7696c6]" name="updateCWFs" duration-ms="8687" started-at="2017-11-09T18:43:01Z" finished-at="2017-11-09T18:43:10Z">
          <reporter-output>
          </reporter-output>
        </test-method> <!-- updateCWFs -->
        <test-method status="PASS" signature="deleteCWFs()[pri:0, instance:com.intuit.ebs.wft.WorkforceHRApps.tests.service.BoomiTest@1c7696c6]" name="deleteCWFs" duration-ms="37075" started-at="2017-11-09T18:43:10Z" finished-at="2017-11-09T18:43:47Z">
          <reporter-output>
          </reporter-output>
        </test-method> <!-- deleteCWFs -->
        <test-method status="FAIL" signature="WDPBaseWorker()[pri:0, instance:com.intuit.ebs.wft.WorkforceHRApps.tests.service.BoomiTest@1c7696c6]" name="WDPBaseWorker" duration-ms="10058" started-at="2017-11-09T18:43:47Z" finished-at="2017-11-09T18:43:57Z">
          <exception class="java.sql.SQLException">
            <message>
              <![CDATA[ORA-01017: invalid username/password; logon denied
]]>
            </message>
            <full-stacktrace>
              <![CDATA[java.sql.SQLException: ORA-01017: invalid username/password; logon denied

	at oracle.jdbc.driver.DatabaseError.throwSqlException(DatabaseError.java:112)
	at oracle.jdbc.driver.T4CTTIoer.processError(T4CTTIoer.java:331)
	at oracle.jdbc.driver.T4CTTIoer.processError(T4CTTIoer.java:283)
	at oracle.jdbc.driver.T4CTTIoer.processError(T4CTTIoer.java:278)
	at oracle.jdbc.driver.T4CTTIoauthenticate.receiveOauth(T4CTTIoauthenticate.java:785)
	at oracle.jdbc.driver.T4CConnection.logon(T4CConnection.java:362)
	at oracle.jdbc.driver.PhysicalConnection.<init>(PhysicalConnection.java:414)
	at oracle.jdbc.driver.T4CConnection.<init>(T4CConnection.java:165)
	at oracle.jdbc.driver.T4CDriverExtension.getConnection(T4CDriverExtension.java:35)
	at oracle.jdbc.driver.OracleDriver.connect(OracleDriver.java:801)
	at java.sql.DriverManager.getConnection(DriverManager.java:664)
	at java.sql.DriverManager.getConnection(DriverManager.java:247)
	at com.intuit.ebs.wft.WorkforceHRApps.tests.service.BoomiTest.WDPValidation(BoomiTest.java:226)
	at com.intuit.ebs.wft.WorkforceHRApps.tests.service.BoomiTest.WDPBaseWorker(BoomiTest.java:797)
	at sun.reflect.NativeMethodAccessorImpl.invoke0(Native Method)
	at sun.reflect.NativeMethodAccessorImpl.invoke(NativeMethodAccessorImpl.java:62)
	at sun.reflect.DelegatingMethodAccessorImpl.invoke(DelegatingMethodAccessorImpl.java:43)
	at java.lang.reflect.Method.invoke(Method.java:498)
	at org.testng.internal.MethodInvocationHelper.invokeMethod(MethodInvocationHelper.java:84)
	at org.testng.internal.MethodInvocationHelper$1.runTestMethod(MethodInvocationHelper.java:200)
	at com.intuit.tools.common.teststatus.DisabledTestHook.run(DisabledTestHook.java:85)
	at sun.reflect.NativeMethodAccessorImpl.invoke0(Native Method)
	at sun.reflect.NativeMethodAccessorImpl.invoke(NativeMethodAccessorImpl.java:62)
	at sun.reflect.DelegatingMethodAccessorImpl.invoke(DelegatingMethodAccessorImpl.java:43)
	at java.lang.reflect.Method.invoke(Method.java:498)
	at org.testng.internal.MethodInvocationHelper.invokeHookable(MethodInvocationHelper.java:212)
	at org.testng.internal.Invoker.invokeMethod(Invoker.java:707)
	at org.testng.internal.Invoker.invokeTestMethod(Invoker.java:901)
	at org.testng.internal.Invoker.invokeTestMethods(Invoker.java:1231)
	at org.testng.internal.TestMethodWorker.invokeTestMethods(TestMethodWorker.java:127)
	at org.testng.internal.TestMethodWorker.run(TestMethodWorker.java:111)
	at org.testng.TestRunner.privateRun(TestRunner.java:767)
	at org.testng.TestRunner.run(TestRunner.java:617)
	at org.testng.SuiteRunner.runTest(SuiteRunner.java:348)
	at org.testng.SuiteRunner.runSequentially(SuiteRunner.java:343)
	at org.testng.SuiteRunner.privateRun(SuiteRunner.java:305)
	at org.testng.SuiteRunner.run(SuiteRunner.java:254)
	at org.testng.SuiteRunnerWorker.runSuite(SuiteRunnerWorker.java:52)
	at org.testng.SuiteRunnerWorker.run(SuiteRunnerWorker.java:86)
	at org.testng.TestNG.runSuitesSequentially(TestNG.java:1224)
	at org.testng.TestNG.runSuitesLocally(TestNG.java:1149)
	at org.testng.TestNG.run(TestNG.java:1057)
	at org.testng.remote.AbstractRemoteTestNG.run(AbstractRemoteTestNG.java:114)
	at org.testng.remote.RemoteTestNG.initAndRun(RemoteTestNG.java:251)
	at org.testng.remote.RemoteTestNG.main(RemoteTestNG.java:77)
]]>
            </full-stacktrace>
          </exception> <!-- java.sql.SQLException -->
          <reporter-output>
          </reporter-output>
        </test-method> <!-- WDPBaseWorker -->
        <test-method status="PASS" signature="SFWFChangeWorker()[pri:0, instance:com.intuit.ebs.wft.WorkforceHRApps.tests.service.BoomiTest@1c7696c6]" name="SFWFChangeWorker" duration-ms="6661" started-at="2017-11-09T18:43:57Z" finished-at="2017-11-09T18:44:04Z">
          <reporter-output>
          </reporter-output>
        </test-method> <!-- SFWFChangeWorker -->
        <test-method status="PASS" signature="SFWFupdate()[pri:0, instance:com.intuit.ebs.wft.WorkforceHRApps.tests.service.BoomiTest@1c7696c6]" name="SFWFupdate" duration-ms="2131" started-at="2017-11-09T18:44:04Z" finished-at="2017-11-09T18:44:06Z">
          <reporter-output>
          </reporter-output>
        </test-method> <!-- SFWFupdate -->
        <test-method status="PASS" signature="HireCreateEmpVerification()[pri:0, instance:com.intuit.ebs.wft.WorkforceHRApps.tests.service.BoomiTest@1c7696c6]" name="HireCreateEmpVerification" duration-ms="16883" started-at="2017-11-09T18:44:06Z" finished-at="2017-11-09T18:44:23Z">
          <reporter-output>
          </reporter-output>
        </test-method> <!-- HireCreateEmpVerification -->
      </class> <!-- com.intuit.ebs.wft.WorkforceHRApps.tests.service.BoomiTest -->
    </test> <!-- Default test -->
  </suite> <!-- Default suite -->
</testng-results>
