<html>
<head>
<title>TestNG:  Default test</title>
<link href="../testng.css" rel="stylesheet" type="text/css" />
<link href="../my-testng.css" rel="stylesheet" type="text/css" />

<style type="text/css">
.log { display: none;} 
.stack-trace { display: none;} 
</style>
<script type="text/javascript">
<!--
function flip(e) {
  current = e.style.display;
  if (current == 'block') {
    e.style.display = 'none';
    return 0;
  }
  else {
    e.style.display = 'block';
    return 1;
  }
}

function toggleBox(szDivId, elem, msg1, msg2)
{
  var res = -1;  if (document.getElementById) {
    res = flip(document.getElementById(szDivId));
  }
  else if (document.all) {
    // this is the way old msie versions work
    res = flip(document.all[szDivId]);
  }
  if(elem) {
    if(res == 0) elem.innerHTML = msg1; else elem.innerHTML = msg2;
  }

}

function toggleAllBoxes() {
  if (document.getElementsByTagName) {
    d = document.getElementsByTagName('div');
    for (i = 0; i < d.length; i++) {
      if (d[i].className == 'log') {
        flip(d[i]);
      }
    }
  }
}

// -->
</script>

</head>
<body>
<h2 align='center'>Default test</h2><table border='1' align="center">
<tr>
<td>Tests passed/Failed/Skipped:</td><td>13/1/1</td>
</tr><tr>
<td>Started on:</td><td>Thu Nov 09 18:30:28 IST 2017</td>
</tr>
<tr><td>Total time:</td><td>834 seconds (834991 ms)</td>
</tr><tr>
<td>Included groups:</td><td></td>
</tr><tr>
<td>Excluded groups:</td><td></td>
</tr>
</table><p/>
<small><i>(Hover the method name to see the test class name)</i></small><p/>
<table width='100%' border='1' class='invocation-failed'>
<tr><td colspan='4' align='center'><b>FAILED TESTS</b></td></tr>
<tr><td><b>Test method</b></td>
<td width="30%"><b>Exception</b></td>
<td width="10%"><b>Time (seconds)</b></td>
<td><b>Instance</b></td>
</tr>
<tr>
<td title='com.intuit.ebs.wft.WorkforceHRApps.tests.service.BoomiTest.WDPBaseWorker()'><b>WDPBaseWorker</b><br>Test class: com.intuit.ebs.wft.WorkforceHRApps.tests.service.BoomiTest</td>
<td><div><pre>java.sql.SQLException: ORA-01017: invalid username/password; logon denied

	at oracle.jdbc.driver.DatabaseError.throwSqlException(DatabaseError.java:112)
	at oracle.jdbc.driver.T4CTTIoer.processError(T4CTTIoer.java:331)
	at oracle.jdbc.driver.T4CTTIoer.processError(T4CTTIoer.java:283)
	at oracle.jdbc.driver.T4CTTIoer.processError(T4CTTIoer.java:278)
	at oracle.jdbc.driver.T4CTTIoauthenticate.receiveOauth(T4CTTIoauthenticate.java:785)
	at oracle.jdbc.driver.T4CConnection.logon(T4CConnection.java:362)
	at oracle.jdbc.driver.PhysicalConnection.&lt;init&gt;(PhysicalConnection.java:414)
	at oracle.jdbc.driver.T4CConnection.&lt;init&gt;(T4CConnection.java:165)
	at oracle.jdbc.driver.T4CDriverExtension.getConnection(T4CDriverExtension.java:35)
	at oracle.jdbc.driver.OracleDriver.connect(OracleDriver.java:801)
	at java.sql.DriverManager.getConnection(DriverManager.java:664)
	at java.sql.DriverManager.getConnection(DriverManager.java:247)
	at com.intuit.ebs.wft.WorkforceHRApps.tests.service.BoomiTest.WDPValidation(BoomiTest.java:226)
	at com.intuit.ebs.wft.WorkforceHRApps.tests.service.BoomiTest.WDPBaseWorker(BoomiTest.java:797)
	at sun.reflect.NativeMethodAccessorImpl.invoke0(Native Method)
	at sun.reflect.NativeMethodAccessorImpl.invoke(NativeMethodAccessorImpl.java:62)
	at sun.reflect.DelegatingMethodAccessorImpl.invoke(DelegatingMethodAccessorImpl.java:43)
	at java.lang.reflect.Method.invoke(Method.java:498)
	at org.testng.internal.MethodInvocationHelper.invokeMethod(MethodInvocationHelper.java:84)
	at org.testng.internal.MethodInvocationHelper$1.runTestMethod(MethodInvocationHelper.java:200)
	at com.intuit.tools.common.teststatus.DisabledTestHook.run(DisabledTestHook.java:85)
	at sun.reflect.NativeMethodAccessorImpl.invoke0(Native Method)
	at sun.reflect.NativeMethodAccessorImpl.invoke(NativeMethodAccessorImpl.java:62)
	at sun.reflect.DelegatingMethodAccessorImpl.invoke(DelegatingMethodAccessorImpl.java:43)
	at java.lang.reflect.Method.invoke(Method.java:498)
	at org.testng.internal.MethodInvocationHelper.invokeHookable(MethodInvocationHelper.java:212)
	at org.testng.internal.Invoker.invokeMethod(Invoker.java:707)
	at org.testng.internal.Invoker.invokeTestMethod(Invoker.java:901)
	at org.testng.internal.Invoker.invokeTestMethods(Invoker.java:1231)
	at org.testng.internal.TestMethodWorker.invokeTestMethods(TestMethodWorker.java:127)
	at org.testng.internal.TestMethodWorker.run(TestMethodWorker.java:111)
	at org.testng.TestRunner.privateRun(TestRunner.java:767)
	at org.testng.TestRunner.run(TestRunner.java:617)
	at org.testng.SuiteRunner.runTest(SuiteRunner.java:348)
	at org.testng.SuiteRunner.runSequentially(SuiteRunner.java:343)
	at org.testng.SuiteRunner.privateRun(SuiteRunner.java:305)
	at org.testng.SuiteRunner.run(SuiteRunner.java:254)
	at org.testng.SuiteRunnerWorker.runSuite(SuiteRunnerWorker.java:52)
	at org.testng.SuiteRunnerWorker.run(SuiteRunnerWorker.java:86)
	at org.testng.TestNG.runSuitesSequentially(TestNG.java:1224)
	at org.testng.TestNG.runSuitesLocally(TestNG.java:1149)
	at org.testng.TestNG.run(TestNG.java:1057)
	at org.testng.remote.AbstractRemoteTestNG.run(AbstractRemoteTestNG.java:114)
	at org.testng.remote.RemoteTestNG.initAndRun(RemoteTestNG.java:251)
	at org.testng.remote.RemoteTestNG.main(RemoteTestNG.java:77)
</pre></div><a href='#' onClick='toggleBox("stack-trace625232315", this, "Click to show all stack frames", "Click to hide stack frames")'>Click to show all stack frames</a>
<div class='stack-trace' id='stack-trace625232315'><pre>java.sql.SQLException: ORA-01017: invalid username/password; logon denied

	at oracle.jdbc.driver.DatabaseError.throwSqlException(DatabaseError.java:112)
	at oracle.jdbc.driver.T4CTTIoer.processError(T4CTTIoer.java:331)
	at oracle.jdbc.driver.T4CTTIoer.processError(T4CTTIoer.java:283)
	at oracle.jdbc.driver.T4CTTIoer.processError(T4CTTIoer.java:278)
	at oracle.jdbc.driver.T4CTTIoauthenticate.receiveOauth(T4CTTIoauthenticate.java:785)
	at oracle.jdbc.driver.T4CConnection.logon(T4CConnection.java:362)
	at oracle.jdbc.driver.PhysicalConnection.&lt;init&gt;(PhysicalConnection.java:414)
	at oracle.jdbc.driver.T4CConnection.&lt;init&gt;(T4CConnection.java:165)
	at oracle.jdbc.driver.T4CDriverExtension.getConnection(T4CDriverExtension.java:35)
	at oracle.jdbc.driver.OracleDriver.connect(OracleDriver.java:801)
	at java.sql.DriverManager.getConnection(DriverManager.java:664)
	at java.sql.DriverManager.getConnection(DriverManager.java:247)
	at com.intuit.ebs.wft.WorkforceHRApps.tests.service.BoomiTest.WDPValidation(BoomiTest.java:226)
	at com.intuit.ebs.wft.WorkforceHRApps.tests.service.BoomiTest.WDPBaseWorker(BoomiTest.java:797)
	at sun.reflect.NativeMethodAccessorImpl.invoke0(Native Method)
	at sun.reflect.NativeMethodAccessorImpl.invoke(NativeMethodAccessorImpl.java:62)
	at sun.reflect.DelegatingMethodAccessorImpl.invoke(DelegatingMethodAccessorImpl.java:43)
	at java.lang.reflect.Method.invoke(Method.java:498)
	at org.testng.internal.MethodInvocationHelper.invokeMethod(MethodInvocationHelper.java:84)
	at org.testng.internal.MethodInvocationHelper$1.runTestMethod(MethodInvocationHelper.java:200)
	at com.intuit.tools.common.teststatus.DisabledTestHook.run(DisabledTestHook.java:85)
	at sun.reflect.NativeMethodAccessorImpl.invoke0(Native Method)
	at sun.reflect.NativeMethodAccessorImpl.invoke(NativeMethodAccessorImpl.java:62)
	at sun.reflect.DelegatingMethodAccessorImpl.invoke(DelegatingMethodAccessorImpl.java:43)
	at java.lang.reflect.Method.invoke(Method.java:498)
	at org.testng.internal.MethodInvocationHelper.invokeHookable(MethodInvocationHelper.java:212)
	at org.testng.internal.Invoker.invokeMethod(Invoker.java:707)
	at org.testng.internal.Invoker.invokeTestMethod(Invoker.java:901)
	at org.testng.internal.Invoker.invokeTestMethods(Invoker.java:1231)
	at org.testng.internal.TestMethodWorker.invokeTestMethods(TestMethodWorker.java:127)
	at org.testng.internal.TestMethodWorker.run(TestMethodWorker.java:111)
	at org.testng.TestRunner.privateRun(TestRunner.java:767)
	at org.testng.TestRunner.run(TestRunner.java:617)
	at org.testng.SuiteRunner.runTest(SuiteRunner.java:348)
	at org.testng.SuiteRunner.runSequentially(SuiteRunner.java:343)
	at org.testng.SuiteRunner.privateRun(SuiteRunner.java:305)
	at org.testng.SuiteRunner.run(SuiteRunner.java:254)
	at org.testng.SuiteRunnerWorker.runSuite(SuiteRunnerWorker.java:52)
	at org.testng.SuiteRunnerWorker.run(SuiteRunnerWorker.java:86)
	at org.testng.TestNG.runSuitesSequentially(TestNG.java:1224)
	at org.testng.TestNG.runSuitesLocally(TestNG.java:1149)
	at org.testng.TestNG.run(TestNG.java:1057)
	at org.testng.remote.AbstractRemoteTestNG.run(AbstractRemoteTestNG.java:114)
	at org.testng.remote.RemoteTestNG.initAndRun(RemoteTestNG.java:251)
	at org.testng.remote.RemoteTestNG.main(RemoteTestNG.java:77)
</pre></div></td>
<td>10</td>
<td>com.intuit.ebs.wft.WorkforceHRApps.tests.service.BoomiTest@1c7696c6</td></tr>
</table><p>
<table width='100%' border='1' class='invocation-passed'>
<tr><td colspan='4' align='center'><b>PASSED TESTS</b></td></tr>
<tr><td><b>Test method</b></td>
<td width="30%"><b>Exception</b></td>
<td width="10%"><b>Time (seconds)</b></td>
<td><b>Instance</b></td>
</tr>
<tr>
<td title='com.intuit.ebs.wft.WorkforceHRApps.tests.service.BoomiTest.HireCreateEmpVerification()'><b>HireCreateEmpVerification</b><br>Test class: com.intuit.ebs.wft.WorkforceHRApps.tests.service.BoomiTest</td>
<td></td>
<td>16</td>
<td>com.intuit.ebs.wft.WorkforceHRApps.tests.service.BoomiTest@1c7696c6</td></tr>
<tr>
<td title='com.intuit.ebs.wft.WorkforceHRApps.tests.service.BoomiTest.OIMAdhocUpdate()'><b>OIMAdhocUpdate</b><br>Test class: com.intuit.ebs.wft.WorkforceHRApps.tests.service.BoomiTest</td>
<td></td>
<td>115</td>
<td>com.intuit.ebs.wft.WorkforceHRApps.tests.service.BoomiTest@1c7696c6</td></tr>
<tr>
<td title='com.intuit.ebs.wft.WorkforceHRApps.tests.service.BoomiTest.OboardingTest()'><b>OboardingTest</b><br>Test class: com.intuit.ebs.wft.WorkforceHRApps.tests.service.BoomiTest</td>
<td></td>
<td>4</td>
<td>com.intuit.ebs.wft.WorkforceHRApps.tests.service.BoomiTest@1c7696c6</td></tr>
<tr>
<td title='com.intuit.ebs.wft.WorkforceHRApps.tests.service.BoomiTest.SFWFChangeWorker()'><b>SFWFChangeWorker</b><br>Test class: com.intuit.ebs.wft.WorkforceHRApps.tests.service.BoomiTest</td>
<td></td>
<td>6</td>
<td>com.intuit.ebs.wft.WorkforceHRApps.tests.service.BoomiTest@1c7696c6</td></tr>
<tr>
<td title='com.intuit.ebs.wft.WorkforceHRApps.tests.service.BoomiTest.SFWFupdate()'><b>SFWFupdate</b><br>Test class: com.intuit.ebs.wft.WorkforceHRApps.tests.service.BoomiTest</td>
<td></td>
<td>2</td>
<td>com.intuit.ebs.wft.WorkforceHRApps.tests.service.BoomiTest@1c7696c6</td></tr>
<tr>
<td title='com.intuit.ebs.wft.WorkforceHRApps.tests.service.BoomiTest.UpdateContactinfo()'><b>UpdateContactinfo</b><br>Test class: com.intuit.ebs.wft.WorkforceHRApps.tests.service.BoomiTest</td>
<td></td>
<td>71</td>
<td>com.intuit.ebs.wft.WorkforceHRApps.tests.service.BoomiTest@1c7696c6</td></tr>
<tr>
<td title='com.intuit.ebs.wft.WorkforceHRApps.tests.service.BoomiTest.UpdateCorpInfoE2E()'><b>UpdateCorpInfoE2E</b><br>Test class: com.intuit.ebs.wft.WorkforceHRApps.tests.service.BoomiTest</td>
<td></td>
<td>103</td>
<td>com.intuit.ebs.wft.WorkforceHRApps.tests.service.BoomiTest@1c7696c6</td></tr>
<tr>
<td title='com.intuit.ebs.wft.WorkforceHRApps.tests.service.BoomiTest.deleteCWFs()'><b>deleteCWFs</b><br>Test class: com.intuit.ebs.wft.WorkforceHRApps.tests.service.BoomiTest</td>
<td></td>
<td>37</td>
<td>com.intuit.ebs.wft.WorkforceHRApps.tests.service.BoomiTest@1c7696c6</td></tr>
<tr>
<td title='com.intuit.ebs.wft.WorkforceHRApps.tests.service.BoomiTest.updateApplicant()'><b>updateApplicant</b><br>Test class: com.intuit.ebs.wft.WorkforceHRApps.tests.service.BoomiTest</td>
<td></td>
<td>160</td>
<td>com.intuit.ebs.wft.WorkforceHRApps.tests.service.BoomiTest@1c7696c6</td></tr>
<tr>
<td title='com.intuit.ebs.wft.WorkforceHRApps.tests.service.BoomiTest.updateCWFs()'><b>updateCWFs</b><br>Test class: com.intuit.ebs.wft.WorkforceHRApps.tests.service.BoomiTest</td>
<td></td>
<td>8</td>
<td>com.intuit.ebs.wft.WorkforceHRApps.tests.service.BoomiTest@1c7696c6</td></tr>
<tr>
<td title='com.intuit.ebs.wft.WorkforceHRApps.tests.service.BoomiTest.upsertCWFs()'><b>upsertCWFs</b><br>Test class: com.intuit.ebs.wft.WorkforceHRApps.tests.service.BoomiTest</td>
<td></td>
<td>212</td>
<td>com.intuit.ebs.wft.WorkforceHRApps.tests.service.BoomiTest@1c7696c6</td></tr>
<tr>
<td title='com.intuit.ebs.wft.WorkforceHRApps.tests.service.BoomiTest.upsertOIMTest()'><b>upsertOIMTest</b><br>Test class: com.intuit.ebs.wft.WorkforceHRApps.tests.service.BoomiTest</td>
<td></td>
<td>76</td>
<td>com.intuit.ebs.wft.WorkforceHRApps.tests.service.BoomiTest@1c7696c6</td></tr>
<tr>
<td title='com.intuit.ebs.wft.WorkforceHRApps.tests.service.BoomiTest.upsertTaleo()'><b>upsertTaleo</b><br>Test class: com.intuit.ebs.wft.WorkforceHRApps.tests.service.BoomiTest</td>
<td></td>
<td>8</td>
<td>com.intuit.ebs.wft.WorkforceHRApps.tests.service.BoomiTest@1c7696c6</td></tr>
</table><p>
<table width='100%' border='1' class='invocation-skipped'>
<tr><td colspan='4' align='center'><b>SKIPPED TESTS</b></td></tr>
<tr><td><b>Test method</b></td>
<td width="30%"><b>Exception</b></td>
<td width="10%"><b>Time (seconds)</b></td>
<td><b>Instance</b></td>
</tr>
<tr>
<td title='com.intuit.ebs.wft.WorkforceHRApps.tests.service.BoomiTest.CreateEMP()'><b>CreateEMP</b><br>Test class: com.intuit.ebs.wft.WorkforceHRApps.tests.service.BoomiTest</td>
<td><div><pre>com.intuit.tools.common.teststatus.DisabledTestHook$DisabledTestException: MISSING: Disabled Without Description
	at com.intuit.tools.common.teststatus.DisabledTestHook.run(DisabledTestHook.java:97)
	at sun.reflect.NativeMethodAccessorImpl.invoke0(Native Method)
	at sun.reflect.NativeMethodAccessorImpl.invoke(NativeMethodAccessorImpl.java:62)
	at sun.reflect.DelegatingMethodAccessorImpl.invoke(DelegatingMethodAccessorImpl.java:43)
	at java.lang.reflect.Method.invoke(Method.java:498)
	at org.testng.internal.MethodInvocationHelper.invokeHookable(MethodInvocationHelper.java:212)
	at org.testng.internal.Invoker.invokeMethod(Invoker.java:707)
	at org.testng.internal.Invoker.invokeTestMethod(Invoker.java:901)
	at org.testng.internal.Invoker.invokeTestMethods(Invoker.java:1231)
	at org.testng.internal.TestMethodWorker.invokeTestMethods(TestMethodWorker.java:127)
	at org.testng.internal.TestMethodWorker.run(TestMethodWorker.java:111)
	at org.testng.TestRunner.privateRun(TestRunner.java:767)
	at org.testng.TestRunner.run(TestRunner.java:617)
	at org.testng.SuiteRunner.runTest(SuiteRunner.java:348)
	at org.testng.SuiteRunner.runSequentially(SuiteRunner.java:343)
	at org.testng.SuiteRunner.privateRun(SuiteRunner.java:305)
	at org.testng.SuiteRunner.run(SuiteRunner.java:254)
	at org.testng.SuiteRunnerWorker.runSuite(SuiteRunnerWorker.java:52)
	at org.testng.SuiteRunnerWorker.run(SuiteRunnerWorker.java:86)
	at org.testng.TestNG.runSuitesSequentially(TestNG.java:1224)
	at org.testng.TestNG.runSuitesLocally(TestNG.java:1149)
	at org.testng.TestNG.run(TestNG.java:1057)
	at org.testng.remote.AbstractRemoteTestNG.run(AbstractRemoteTestNG.java:114)
	at org.testng.remote.RemoteTestNG.initAndRun(RemoteTestNG.java:251)
	at org.testng.remote.RemoteTestNG.main(RemoteTestNG.java:77)
</pre></div><a href='#' onClick='toggleBox("stack-trace809300666", this, "Click to show all stack frames", "Click to hide stack frames")'>Click to show all stack frames</a>
<div class='stack-trace' id='stack-trace809300666'><pre>com.intuit.tools.common.teststatus.DisabledTestHook$DisabledTestException: MISSING: Disabled Without Description
	at com.intuit.tools.common.teststatus.DisabledTestHook.run(DisabledTestHook.java:97)
	at sun.reflect.NativeMethodAccessorImpl.invoke0(Native Method)
	at sun.reflect.NativeMethodAccessorImpl.invoke(NativeMethodAccessorImpl.java:62)
	at sun.reflect.DelegatingMethodAccessorImpl.invoke(DelegatingMethodAccessorImpl.java:43)
	at java.lang.reflect.Method.invoke(Method.java:498)
	at org.testng.internal.MethodInvocationHelper.invokeHookable(MethodInvocationHelper.java:212)
	at org.testng.internal.Invoker.invokeMethod(Invoker.java:707)
	at org.testng.internal.Invoker.invokeTestMethod(Invoker.java:901)
	at org.testng.internal.Invoker.invokeTestMethods(Invoker.java:1231)
	at org.testng.internal.TestMethodWorker.invokeTestMethods(TestMethodWorker.java:127)
	at org.testng.internal.TestMethodWorker.run(TestMethodWorker.java:111)
	at org.testng.TestRunner.privateRun(TestRunner.java:767)
	at org.testng.TestRunner.run(TestRunner.java:617)
	at org.testng.SuiteRunner.runTest(SuiteRunner.java:348)
	at org.testng.SuiteRunner.runSequentially(SuiteRunner.java:343)
	at org.testng.SuiteRunner.privateRun(SuiteRunner.java:305)
	at org.testng.SuiteRunner.run(SuiteRunner.java:254)
	at org.testng.SuiteRunnerWorker.runSuite(SuiteRunnerWorker.java:52)
	at org.testng.SuiteRunnerWorker.run(SuiteRunnerWorker.java:86)
	at org.testng.TestNG.runSuitesSequentially(TestNG.java:1224)
	at org.testng.TestNG.runSuitesLocally(TestNG.java:1149)
	at org.testng.TestNG.run(TestNG.java:1057)
	at org.testng.remote.AbstractRemoteTestNG.run(AbstractRemoteTestNG.java:114)
	at org.testng.remote.RemoteTestNG.initAndRun(RemoteTestNG.java:251)
	at org.testng.remote.RemoteTestNG.main(RemoteTestNG.java:77)
</pre></div></td>
<td>0</td>
<td>com.intuit.ebs.wft.WorkforceHRApps.tests.service.BoomiTest@1c7696c6</td></tr>
</table><p>
</body>
</html>