<?xml version="1.0" encoding="UTF-8"?>
<!-- Generated by org.testng.reporters.JUnitReportReporter -->
<testsuite hostname="BANLWE7524300F" name="com.intuit.ebs.wft.WorkforceHRApps.tests.service.BoomiTest" tests="15" failures="2" timestamp="9 Nov 2017 13:14:23 GMT" time="834.940" errors="0">
  <testcase name="upsertTaleo" time="8.948" classname="com.intuit.ebs.wft.WorkforceHRApps.tests.service.BoomiTest"/>
  <testcase name="updateApplicant" time="160.016" classname="com.intuit.ebs.wft.WorkforceHRApps.tests.service.BoomiTest"/>
  <testcase name="CreateEMP" time="0.008" classname="com.intuit.ebs.wft.WorkforceHRApps.tests.service.BoomiTest">
    <failure type="com.intuit.tools.common.teststatus.DisabledTestHook$DisabledTestException" message="MISSING: Disabled Without Description">
      <![CDATA[com.intuit.tools.common.teststatus.DisabledTestHook$DisabledTestException: MISSING: Disabled Without Description
	at com.intuit.tools.common.teststatus.DisabledTestHook.run(DisabledTestHook.java:97)
	at sun.reflect.NativeMethodAccessorImpl.invoke0(Native Method)
	at sun.reflect.NativeMethodAccessorImpl.invoke(NativeMethodAccessorImpl.java:62)
	at sun.reflect.DelegatingMethodAccessorImpl.invoke(DelegatingMethodAccessorImpl.java:43)
	at java.lang.reflect.Method.invoke(Method.java:498)
	at org.testng.internal.MethodInvocationHelper.invokeHookable(MethodInvocationHelper.java:212)
	at org.testng.internal.Invoker.invokeMethod(Invoker.java:707)
	at org.testng.internal.Invoker.invokeTestMethod(Invoker.java:901)
	at org.testng.internal.Invoker.invokeTestMethods(Invoker.java:1231)
	at org.testng.internal.TestMethodWorker.invokeTestMethods(TestMethodWorker.java:127)
	at org.testng.internal.TestMethodWorker.run(TestMethodWorker.java:111)
	at org.testng.TestRunner.privateRun(TestRunner.java:767)
	at org.testng.TestRunner.run(TestRunner.java:617)
	at org.testng.SuiteRunner.runTest(SuiteRunner.java:348)
	at org.testng.SuiteRunner.runSequentially(SuiteRunner.java:343)
	at org.testng.SuiteRunner.privateRun(SuiteRunner.java:305)
	at org.testng.SuiteRunner.run(SuiteRunner.java:254)
	at org.testng.SuiteRunnerWorker.runSuite(SuiteRunnerWorker.java:52)
	at org.testng.SuiteRunnerWorker.run(SuiteRunnerWorker.java:86)
	at org.testng.TestNG.runSuitesSequentially(TestNG.java:1224)
	at org.testng.TestNG.runSuitesLocally(TestNG.java:1149)
	at org.testng.TestNG.run(TestNG.java:1057)
	at org.testng.remote.AbstractRemoteTestNG.run(AbstractRemoteTestNG.java:114)
	at org.testng.remote.RemoteTestNG.initAndRun(RemoteTestNG.java:251)
	at org.testng.remote.RemoteTestNG.main(RemoteTestNG.java:77)
]]>
    </failure>
  </testcase> <!-- CreateEMP -->
  <testcase name="HireCreateEmpVerification" time="16.883" classname="com.intuit.ebs.wft.WorkforceHRApps.tests.service.BoomiTest"/>
  <testcase name="upsertOIMTest" time="76.556" classname="com.intuit.ebs.wft.WorkforceHRApps.tests.service.BoomiTest"/>
  <testcase name="upsertCWFs" time="212.235" classname="com.intuit.ebs.wft.WorkforceHRApps.tests.service.BoomiTest"/>
  <testcase name="updateCWFs" time="8.687" classname="com.intuit.ebs.wft.WorkforceHRApps.tests.service.BoomiTest"/>
  <testcase name="deleteCWFs" time="37.075" classname="com.intuit.ebs.wft.WorkforceHRApps.tests.service.BoomiTest"/>
  <testcase name="UpdateContactinfo" time="71.732" classname="com.intuit.ebs.wft.WorkforceHRApps.tests.service.BoomiTest"/>
  <testcase name="OIMAdhocUpdate" time="115.739" classname="com.intuit.ebs.wft.WorkforceHRApps.tests.service.BoomiTest"/>
  <testcase name="UpdateCorpInfoE2E" time="103.917" classname="com.intuit.ebs.wft.WorkforceHRApps.tests.service.BoomiTest"/>
  <testcase name="SFWFupdate" time="2.131" classname="com.intuit.ebs.wft.WorkforceHRApps.tests.service.BoomiTest"/>
  <testcase name="OboardingTest" time="4.294" classname="com.intuit.ebs.wft.WorkforceHRApps.tests.service.BoomiTest"/>
  <testcase name="SFWFChangeWorker" time="6.661" classname="com.intuit.ebs.wft.WorkforceHRApps.tests.service.BoomiTest"/>
  <testcase name="WDPBaseWorker" time="10.058" classname="com.intuit.ebs.wft.WorkforceHRApps.tests.service.BoomiTest">
    <failure type="java.sql.SQLException" message="ORA-01017: invalid username/password; logon denied
">
      <![CDATA[java.sql.SQLException: ORA-01017: invalid username/password; logon denied

	at oracle.jdbc.driver.DatabaseError.throwSqlException(DatabaseError.java:112)
	at oracle.jdbc.driver.T4CTTIoer.processError(T4CTTIoer.java:331)
	at oracle.jdbc.driver.T4CTTIoer.processError(T4CTTIoer.java:283)
	at oracle.jdbc.driver.T4CTTIoer.processError(T4CTTIoer.java:278)
	at oracle.jdbc.driver.T4CTTIoauthenticate.receiveOauth(T4CTTIoauthenticate.java:785)
	at oracle.jdbc.driver.T4CConnection.logon(T4CConnection.java:362)
	at oracle.jdbc.driver.PhysicalConnection.<init>(PhysicalConnection.java:414)
	at oracle.jdbc.driver.T4CConnection.<init>(T4CConnection.java:165)
	at oracle.jdbc.driver.T4CDriverExtension.getConnection(T4CDriverExtension.java:35)
	at oracle.jdbc.driver.OracleDriver.connect(OracleDriver.java:801)
	at java.sql.DriverManager.getConnection(DriverManager.java:664)
	at java.sql.DriverManager.getConnection(DriverManager.java:247)
	at com.intuit.ebs.wft.WorkforceHRApps.tests.service.BoomiTest.WDPValidation(BoomiTest.java:226)
	at com.intuit.ebs.wft.WorkforceHRApps.tests.service.BoomiTest.WDPBaseWorker(BoomiTest.java:797)
	at sun.reflect.NativeMethodAccessorImpl.invoke0(Native Method)
	at sun.reflect.NativeMethodAccessorImpl.invoke(NativeMethodAccessorImpl.java:62)
	at sun.reflect.DelegatingMethodAccessorImpl.invoke(DelegatingMethodAccessorImpl.java:43)
	at java.lang.reflect.Method.invoke(Method.java:498)
	at org.testng.internal.MethodInvocationHelper.invokeMethod(MethodInvocationHelper.java:84)
	at org.testng.internal.MethodInvocationHelper$1.runTestMethod(MethodInvocationHelper.java:200)
	at com.intuit.tools.common.teststatus.DisabledTestHook.run(DisabledTestHook.java:85)
	at sun.reflect.NativeMethodAccessorImpl.invoke0(Native Method)
	at sun.reflect.NativeMethodAccessorImpl.invoke(NativeMethodAccessorImpl.java:62)
	at sun.reflect.DelegatingMethodAccessorImpl.invoke(DelegatingMethodAccessorImpl.java:43)
	at java.lang.reflect.Method.invoke(Method.java:498)
	at org.testng.internal.MethodInvocationHelper.invokeHookable(MethodInvocationHelper.java:212)
	at org.testng.internal.Invoker.invokeMethod(Invoker.java:707)
	at org.testng.internal.Invoker.invokeTestMethod(Invoker.java:901)
	at org.testng.internal.Invoker.invokeTestMethods(Invoker.java:1231)
	at org.testng.internal.TestMethodWorker.invokeTestMethods(TestMethodWorker.java:127)
	at org.testng.internal.TestMethodWorker.run(TestMethodWorker.java:111)
	at org.testng.TestRunner.privateRun(TestRunner.java:767)
	at org.testng.TestRunner.run(TestRunner.java:617)
	at org.testng.SuiteRunner.runTest(SuiteRunner.java:348)
	at org.testng.SuiteRunner.runSequentially(SuiteRunner.java:343)
	at org.testng.SuiteRunner.privateRun(SuiteRunner.java:305)
	at org.testng.SuiteRunner.run(SuiteRunner.java:254)
	at org.testng.SuiteRunnerWorker.runSuite(SuiteRunnerWorker.java:52)
	at org.testng.SuiteRunnerWorker.run(SuiteRunnerWorker.java:86)
	at org.testng.TestNG.runSuitesSequentially(TestNG.java:1224)
	at org.testng.TestNG.runSuitesLocally(TestNG.java:1149)
	at org.testng.TestNG.run(TestNG.java:1057)
	at org.testng.remote.AbstractRemoteTestNG.run(AbstractRemoteTestNG.java:114)
	at org.testng.remote.RemoteTestNG.initAndRun(RemoteTestNG.java:251)
	at org.testng.remote.RemoteTestNG.main(RemoteTestNG.java:77)
]]>
    </failure>
  </testcase> <!-- WDPBaseWorker -->
</testsuite> <!-- com.intuit.ebs.wft.WorkforceHRApps.tests.service.BoomiTest -->
